{
  "stats": {
    "suites": 2,
    "tests": 3,
    "passes": 2,
    "pending": 0,
    "failures": 1,
    "start": "2017-09-03T07:42:37.005Z",
    "end": "2017-09-03T07:42:47.176Z",
    "duration": 10171,
    "testsRegistered": 3,
    "passPercent": 66.7,
    "pendingPercent": 0,
    "other": 0,
    "hasOther": false,
    "skipped": 0,
    "hasSkipped": false,
    "passPercentClass": "warning",
    "pendingPercentClass": "danger"
  },
  "suites": {
    "title": "",
    "suites": [
      {
        "title": "测试用户注册登录",
        "suites": [
          {
            "title": "注册用户",
            "suites": [],
            "tests": [
              {
                "title": "导航到登录页面",
                "fullTitle": "测试用户注册登录 注册用户 导航到登录页面",
                "timedOut": false,
                "duration": 9331,
                "state": "passed",
                "speed": "slow",
                "pass": true,
                "fail": false,
                "pending": false,
                "code": "async function () {\n            await driver.get(\"http://192.168.21.128:3000\")",
                "err": {},
                "isRoot": false,
                "uuid": "479f4460-f4c5-4128-a71c-ec77b3eb9b72",
                "parentUUID": "2beadb8f-f867-44f6-a773-a37456ab9707",
                "isHook": false,
                "skipped": false
              },
              {
                "title": "点击注册按钮",
                "fullTitle": "测试用户注册登录 注册用户 点击注册按钮",
                "timedOut": false,
                "duration": 751,
                "state": "passed",
                "speed": "slow",
                "pass": true,
                "fail": false,
                "pending": false,
                "code": "async function () {\n            await driver.findElement({css:'[href=\"/signup\"]'}).click()",
                "err": {},
                "isRoot": false,
                "uuid": "6c320743-bc89-4d97-9d3a-1e59ae3a961b",
                "parentUUID": "2beadb8f-f867-44f6-a773-a37456ab9707",
                "isHook": false,
                "skipped": false
              },
              {
                "title": "导航到用户注册页面",
                "fullTitle": "测试用户注册登录 注册用户 导航到用户注册页面",
                "timedOut": false,
                "duration": 38,
                "state": "failed",
                "pass": false,
                "fail": true,
                "pending": false,
                "code": "async function () {\n            let singupurl =  await driver.getCurrentUrl();\n            return assert.equal(\"http://192.168.21.128:3000/signup1\",singupurl)",
                "err": {
                  "message": "AssertionError [ERR_ASSERTION]: 'http://192.168.21.128:3000/signup1' == 'http://192.168.21.128:3000/signup'",
                  "estack": "AssertionError [ERR_ASSERTION]: 'http://192.168.21.128:3000/signup1' == 'http://192.168.21.128:3000/signup'\n    at Context.<anonymous> (test.js:25:27)\n    at <anonymous>\n    at process._tickCallback (internal/process/next_tick.js:188:7)",
                  "diff": "- http://192.168.21.128:3000/signup1\n+ http://192.168.21.128:3000/signup\n"
                },
                "isRoot": false,
                "uuid": "46e2d3c3-eaf6-4cd3-8895-99de5ff7361f",
                "parentUUID": "2beadb8f-f867-44f6-a773-a37456ab9707",
                "isHook": false,
                "skipped": false
              }
            ],
            "pending": [],
            "root": false,
            "_timeout": 60000,
            "file": "\\test.js",
            "uuid": "2beadb8f-f867-44f6-a773-a37456ab9707",
            "beforeHooks": [],
            "afterHooks": [],
            "fullFile": "D:\\Auto-test\\testcode\\Mocha\\test.js",
            "passes": [
              {
                "title": "导航到登录页面",
                "fullTitle": "测试用户注册登录 注册用户 导航到登录页面",
                "timedOut": false,
                "duration": 9331,
                "state": "passed",
                "speed": "slow",
                "pass": true,
                "fail": false,
                "pending": false,
                "code": "async function () {\n            await driver.get(\"http://192.168.21.128:3000\")",
                "err": {},
                "isRoot": false,
                "uuid": "479f4460-f4c5-4128-a71c-ec77b3eb9b72",
                "parentUUID": "2beadb8f-f867-44f6-a773-a37456ab9707",
                "isHook": false,
                "skipped": false
              },
              {
                "title": "点击注册按钮",
                "fullTitle": "测试用户注册登录 注册用户 点击注册按钮",
                "timedOut": false,
                "duration": 751,
                "state": "passed",
                "speed": "slow",
                "pass": true,
                "fail": false,
                "pending": false,
                "code": "async function () {\n            await driver.findElement({css:'[href=\"/signup\"]'}).click()",
                "err": {},
                "isRoot": false,
                "uuid": "6c320743-bc89-4d97-9d3a-1e59ae3a961b",
                "parentUUID": "2beadb8f-f867-44f6-a773-a37456ab9707",
                "isHook": false,
                "skipped": false
              }
            ],
            "failures": [
              {
                "title": "导航到用户注册页面",
                "fullTitle": "测试用户注册登录 注册用户 导航到用户注册页面",
                "timedOut": false,
                "duration": 38,
                "state": "failed",
                "pass": false,
                "fail": true,
                "pending": false,
                "code": "async function () {\n            let singupurl =  await driver.getCurrentUrl();\n            return assert.equal(\"http://192.168.21.128:3000/signup1\",singupurl)",
                "err": {
                  "message": "AssertionError [ERR_ASSERTION]: 'http://192.168.21.128:3000/signup1' == 'http://192.168.21.128:3000/signup'",
                  "estack": "AssertionError [ERR_ASSERTION]: 'http://192.168.21.128:3000/signup1' == 'http://192.168.21.128:3000/signup'\n    at Context.<anonymous> (test.js:25:27)\n    at <anonymous>\n    at process._tickCallback (internal/process/next_tick.js:188:7)",
                  "diff": "- http://192.168.21.128:3000/signup1\n+ http://192.168.21.128:3000/signup\n"
                },
                "isRoot": false,
                "uuid": "46e2d3c3-eaf6-4cd3-8895-99de5ff7361f",
                "parentUUID": "2beadb8f-f867-44f6-a773-a37456ab9707",
                "isHook": false,
                "skipped": false
              }
            ],
            "skipped": [],
            "hasBeforeHooks": false,
            "hasAfterHooks": false,
            "hasTests": true,
            "hasSuites": false,
            "totalTests": 3,
            "totalPasses": 2,
            "totalFailures": 1,
            "totalPending": 0,
            "totalSkipped": 0,
            "hasPasses": true,
            "hasFailures": true,
            "hasPending": false,
            "hasSkipped": false,
            "duration": 10120,
            "rootEmpty": false
          }
        ],
        "tests": [],
        "pending": [],
        "root": false,
        "_timeout": 60000,
        "file": "\\test.js",
        "uuid": "38277108-b0b1-4328-88d6-9e808c37ab45",
        "beforeHooks": [],
        "afterHooks": [],
        "fullFile": "D:\\Auto-test\\testcode\\Mocha\\test.js",
        "passes": [],
        "failures": [],
        "skipped": [],
        "hasBeforeHooks": false,
        "hasAfterHooks": false,
        "hasTests": false,
        "hasSuites": true,
        "totalTests": 0,
        "totalPasses": 0,
        "totalFailures": 0,
        "totalPending": 0,
        "totalSkipped": 0,
        "hasPasses": false,
        "hasFailures": false,
        "hasPending": false,
        "hasSkipped": false,
        "duration": 0,
        "rootEmpty": false
      }
    ],
    "tests": [],
    "pending": [],
    "root": true,
    "_timeout": 2000,
    "uuid": "c6cdd601-799c-42f8-a715-951490e1c8ca",
    "beforeHooks": [],
    "afterHooks": [],
    "fullFile": "",
    "file": "",
    "passes": [],
    "failures": [],
    "skipped": [],
    "hasBeforeHooks": false,
    "hasAfterHooks": false,
    "hasTests": false,
    "hasSuites": true,
    "totalTests": 0,
    "totalPasses": 0,
    "totalFailures": 0,
    "totalPending": 0,
    "totalSkipped": 0,
    "hasPasses": false,
    "hasFailures": false,
    "hasPending": false,
    "hasSkipped": false,
    "duration": 0,
    "rootEmpty": true
  },
  "allTests": [
    {
      "title": "导航到登录页面",
      "fullTitle": "注册用户 导航到登录页面",
      "timedOut": false,
      "duration": 9331,
      "state": "passed",
      "speed": "slow",
      "pass": true,
      "fail": false,
      "pending": false,
      "code": "async function () {\n            await driver.get(\"http://192.168.21.128:3000\")",
      "err": {},
      "isRoot": false,
      "uuid": "479f4460-f4c5-4128-a71c-ec77b3eb9b72",
      "parentUUID": "2beadb8f-f867-44f6-a773-a37456ab9707",
      "isHook": false,
      "skipped": false
    },
    {
      "title": "点击注册按钮",
      "fullTitle": "注册用户 点击注册按钮",
      "timedOut": false,
      "duration": 751,
      "state": "passed",
      "speed": "slow",
      "pass": true,
      "fail": false,
      "pending": false,
      "code": "async function () {\n            await driver.findElement({css:'[href=\"/signup\"]'}).click()",
      "err": {},
      "isRoot": false,
      "uuid": "6c320743-bc89-4d97-9d3a-1e59ae3a961b",
      "parentUUID": "2beadb8f-f867-44f6-a773-a37456ab9707",
      "isHook": false,
      "skipped": false
    },
    {
      "title": "导航到用户注册页面",
      "fullTitle": "注册用户 导航到用户注册页面",
      "timedOut": false,
      "duration": 38,
      "state": "failed",
      "pass": false,
      "fail": true,
      "pending": false,
      "code": "async function () {\n            let singupurl =  await driver.getCurrentUrl();\n            return assert.equal(\"http://192.168.21.128:3000/signup1\",singupurl)",
      "err": {
        "message": "AssertionError [ERR_ASSERTION]: 'http://192.168.21.128:3000/signup1' == 'http://192.168.21.128:3000/signup'",
        "estack": "AssertionError [ERR_ASSERTION]: 'http://192.168.21.128:3000/signup1' == 'http://192.168.21.128:3000/signup'\n    at Context.<anonymous> (test.js:25:27)\n    at <anonymous>\n    at process._tickCallback (internal/process/next_tick.js:188:7)",
        "diff": "- http://192.168.21.128:3000/signup1\n+ http://192.168.21.128:3000/signup\n"
      },
      "isRoot": false,
      "uuid": "46e2d3c3-eaf6-4cd3-8895-99de5ff7361f",
      "parentUUID": "2beadb8f-f867-44f6-a773-a37456ab9707",
      "isHook": false,
      "skipped": false
    }
  ],
  "allPending": [],
  "allPasses": [
    {
      "title": "导航到登录页面",
      "fullTitle": "注册用户 导航到登录页面",
      "timedOut": false,
      "duration": 9331,
      "state": "passed",
      "speed": "slow",
      "pass": true,
      "fail": false,
      "pending": false,
      "code": "async function () {\n            await driver.get(\"http://192.168.21.128:3000\")",
      "err": {},
      "isRoot": false,
      "uuid": "479f4460-f4c5-4128-a71c-ec77b3eb9b72",
      "parentUUID": "2beadb8f-f867-44f6-a773-a37456ab9707",
      "isHook": false,
      "skipped": false
    },
    {
      "title": "点击注册按钮",
      "fullTitle": "注册用户 点击注册按钮",
      "timedOut": false,
      "duration": 751,
      "state": "passed",
      "speed": "slow",
      "pass": true,
      "fail": false,
      "pending": false,
      "code": "async function () {\n            await driver.findElement({css:'[href=\"/signup\"]'}).click()",
      "err": {},
      "isRoot": false,
      "uuid": "6c320743-bc89-4d97-9d3a-1e59ae3a961b",
      "parentUUID": "2beadb8f-f867-44f6-a773-a37456ab9707",
      "isHook": false,
      "skipped": false
    }
  ],
  "allFailures": [
    {
      "title": "导航到用户注册页面",
      "fullTitle": "注册用户 导航到用户注册页面",
      "timedOut": false,
      "duration": 38,
      "state": "failed",
      "pass": false,
      "fail": true,
      "pending": false,
      "code": "async function () {\n            let singupurl =  await driver.getCurrentUrl();\n            return assert.equal(\"http://192.168.21.128:3000/signup1\",singupurl)",
      "err": {
        "message": "AssertionError [ERR_ASSERTION]: 'http://192.168.21.128:3000/signup1' == 'http://192.168.21.128:3000/signup'",
        "estack": "AssertionError [ERR_ASSERTION]: 'http://192.168.21.128:3000/signup1' == 'http://192.168.21.128:3000/signup'\n    at Context.<anonymous> (test.js:25:27)\n    at <anonymous>\n    at process._tickCallback (internal/process/next_tick.js:188:7)",
        "diff": "- http://192.168.21.128:3000/signup1\n+ http://192.168.21.128:3000/signup\n"
      },
      "isRoot": false,
      "uuid": "46e2d3c3-eaf6-4cd3-8895-99de5ff7361f",
      "parentUUID": "2beadb8f-f867-44f6-a773-a37456ab9707",
      "isHook": false,
      "skipped": false
    }
  ],
  "copyrightYear": 2017
}